Using pre-set license
Built from '2020.2/release' branch; Version is '2020.2.2f1 (068178b99f32) revision 426360'; Using compiler version '192528614'; Build Type 'Release'
OS: 'Windows 10 Enterprise; OS build 19042.1165; Version 2009; 64bit' Language: 'en' Physical Memory: 16318 MB
BatchMode: 1, IsHumanControllingUs: 0, StartBugReporterOnCrash: 0, Is64bit: 1, IsPro: 0

 COMMAND LINE ARGUMENTS:
D:\games\unity\2020.2.2f1\Editor\Unity.exe
-adb2
-batchMode
-noUpm
-name
AssetImportWorker0
-projectPath
D:/github/Not-Applicable
-logFile
Logs/AssetImportWorker0.log
-srvPort
55108
Successfully changed project path to: D:/github/Not-Applicable
D:/github/Not-Applicable
Using Asset Import Pipeline V2.
Refreshing native plugins compatible for Editor in 21.65 ms, found 0 plugins.
Preloading 0 native plugins for Editor in 0.00 ms.
Initialize engine version: 2020.2.2f1 (068178b99f32)
[Subsystems] Discovering subsystems at path D:/games/unity/2020.2.2f1/Editor/Data/Resources/UnitySubsystems
[Subsystems] Discovering subsystems at path D:/github/Not-Applicable/Assets
GfxDevice: creating device client; threaded=0
Direct3D:
    Version:  Direct3D 11.0 [level 11.1]
    Renderer: NVIDIA GeForce RTX 2070 (ID=0x1f02)
    Vendor:   
    VRAM:     8031 MB
    Driver:   27.21.14.5671
Initialize mono
Mono path[0] = 'D:/games/unity/2020.2.2f1/Editor/Data/Managed'
Mono path[1] = 'D:/games/unity/2020.2.2f1/Editor/Data/MonoBleedingEdge/lib/mono/unityjit'
Mono config path = 'D:/games/unity/2020.2.2f1/Editor/Data/MonoBleedingEdge/etc'
Using monoOptions --debugger-agent=transport=dt_socket,embedding=1,server=y,suspend=n,address=127.0.0.1:56112
Begin MonoManager ReloadAssembly
Registering precompiled unity dll's ...
Register platform support module: D:/games/unity/2020.2.2f1/Editor/Data/PlaybackEngines/WindowsStandaloneSupport/UnityEditor.WindowsStandalone.Extensions.dll
Registered in 0.000714 seconds.
Native extension for WindowsStandalone target not found
Refreshing native plugins compatible for Editor in 21.97 ms, found 0 plugins.
Preloading 0 native plugins for Editor in 0.00 ms.
Invoked RoslynAnalysisRunner static constructor.
RoslynAnalysisRunner will not be running.
RoslynAnalysisRunner has terminated.
Mono: successfully reloaded assembly
- Completed reload, in  1.248 seconds
Platform modules already initialized, skipping
Registering precompiled user dll's ...
Registered in 0.000382 seconds.
Begin MonoManager ReloadAssembly
Native extension for WindowsStandalone target not found
Refreshing native plugins compatible for Editor in 0.21 ms, found 0 plugins.
Preloading 0 native plugins for Editor in 0.00 ms.
Invoked RoslynAnalysisRunner static constructor.
RoslynAnalysisRunner will not be running.
RoslynAnalysisRunner has terminated.
Mono: successfully reloaded assembly
- Completed reload, in  0.691 seconds
Platform modules already initialized, skipping
========================================================================
Worker process is ready to serve import requests
Launched and connected shader compiler UnityShaderCompiler.exe after 0.08 seconds
Refreshing native plugins compatible for Editor in 0.23 ms, found 0 plugins.
Preloading 0 native plugins for Editor in 0.00 ms.
Unloading 1468 Unused Serialized files (Serialized files now loaded: 0)
System memory in use before: 71.9 MB.
System memory in use after: 71.9 MB.

Unloading 68 unused Assets to reduce memory usage. Loaded Objects now: 1904.
Total: 1.973000 ms (FindLiveObjects: 0.202600 ms CreateObjectMapping: 0.043100 ms MarkObjects: 1.583900 ms  DeleteObjects: 0.142400 ms)

========================================================================
Received Import Request.
  path: Assets/Scenes
  artifactKey: Guid(a5dbdeaab24c9914daee14d5e5164a06) Importer(815301076,1909f56bfc062723c751e8b465ee728b)
Start importing Assets/Scenes using Guid(a5dbdeaab24c9914daee14d5e5164a06) Importer(815301076,1909f56bfc062723c751e8b465ee728b)  -> (artifact id: '29fa3699e508d0110750a9474370c79b') in 0.006841 seconds
  Import took 0.008917 seconds .

========================================================================
Received Import Request.
  Time since last request: 0.242110 seconds.
  path: Assets/Scenes/GameScene
  artifactKey: Guid(de0146d51e11ccb4697e1adb3182a275) Importer(815301076,1909f56bfc062723c751e8b465ee728b)
Start importing Assets/Scenes/GameScene using Guid(de0146d51e11ccb4697e1adb3182a275) Importer(815301076,1909f56bfc062723c751e8b465ee728b)  -> (artifact id: '56fe6fc66e16ca1bec0d0dfa5558d712') in 0.005206 seconds
  Import took 0.007087 seconds .

========================================================================
Received Import Request.
  Time since last request: 0.087180 seconds.
  path: Assets/Scenes/GameScene/NavMesh.asset
  artifactKey: Guid(2618edc9e0931684c9ed99ce48d47233) Importer(815301076,1909f56bfc062723c751e8b465ee728b)
Start importing Assets/Scenes/GameScene/NavMesh.asset using Guid(2618edc9e0931684c9ed99ce48d47233) Importer(815301076,1909f56bfc062723c751e8b465ee728b)  -> (artifact id: '6d36185befd7464d76faa9c26ac178e9') in 0.025131 seconds
  Import took 0.026940 seconds .

========================================================================
Received Import Request.
  Time since last request: 6.680105 seconds.
  path: Assets/Scenes/MainMenu.unity
  artifactKey: Guid(daa5a21a054eb8140a293b4fdbd1836c) Importer(815301076,1909f56bfc062723c751e8b465ee728b)
Start importing Assets/Scenes/MainMenu.unity using Guid(daa5a21a054eb8140a293b4fdbd1836c) Importer(815301076,1909f56bfc062723c751e8b465ee728b)  -> (artifact id: '0abff4dfe14f83e53a33e67d7f1c8346') in 0.005923 seconds
  Import took 0.008023 seconds .

========================================================================
Received Prepare
Registering precompiled user dll's ...
Registered in 0.000373 seconds.
Begin MonoManager ReloadAssembly
Native extension for WindowsStandalone target not found
Refreshing native plugins compatible for Editor in 0.25 ms, found 0 plugins.
Preloading 0 native plugins for Editor in 0.00 ms.
Warning: Annotation not found!
UnityEngine.StackTraceUtility:ExtractStackTrace ()
UnityEditor.ProBuilder.EditorUtility:SetGizmoIconEnabled (System.Type,bool) (at Library/PackageCache/com.unity.probuilder@4.4.0/Editor/EditorCore/EditorUtility.cs:593)
UnityEditor.ProBuilder.HierarchyListener:.cctor () (at Library/PackageCache/com.unity.probuilder@4.4.0/Editor/EditorCore/HierarchyListener.cs:21)
System.Runtime.CompilerServices.RuntimeHelpers:RunClassConstructor (System.RuntimeTypeHandle)
UnityEditor.EditorAssemblies:ProcessInitializeOnLoadAttributes (System.Type[])

[Library/PackageCache/com.unity.probuilder@4.4.0/Editor/EditorCore/EditorUtility.cs line 593]

Invoked RoslynAnalysisRunner static constructor.
RoslynAnalysisRunner will not be running.
RoslynAnalysisRunner has terminated.
Mono: successfully reloaded assembly
- Completed reload, in  0.638 seconds
Platform modules already initialized, skipping
Refreshing native plugins compatible for Editor in 0.31 ms, found 0 plugins.
Preloading 0 native plugins for Editor in 0.00 ms.
Unloading 1482 Unused Serialized files (Serialized files now loaded: 0)
System memory in use before: 72.9 MB.
System memory in use after: 72.4 MB.

Unloading 19 unused Assets to reduce memory usage. Loaded Objects now: 1940.
Total: 2.051200 ms (FindLiveObjects: 0.198400 ms CreateObjectMapping: 0.051900 ms MarkObjects: 1.533000 ms  DeleteObjects: 0.265900 ms)

========================================================================
Received Import Request.
  Time since last request: 438.619233 seconds.
  path: Assets/Scripts/Game/ThirdPersonmovement.cs
  artifactKey: Guid(05afa573d87999549a889113f225a56e) Importer(815301076,1909f56bfc062723c751e8b465ee728b)
Start importing Assets/Scripts/Game/ThirdPersonmovement.cs using Guid(05afa573d87999549a889113f225a56e) Importer(815301076,1909f56bfc062723c751e8b465ee728b)  -> (artifact id: 'ecfa79c3e85b2bddeb4fdda6c519fe33') in 0.009080 seconds
  Import took 0.011238 seconds .

========================================================================
Received Import Request.
  Time since last request: 383.741913 seconds.
  path: Assets/Scripts/Game/ThirdPersonmovement.cs
  artifactKey: Guid(05afa573d87999549a889113f225a56e) Importer(815301076,1909f56bfc062723c751e8b465ee728b)
Start importing Assets/Scripts/Game/ThirdPersonmovement.cs using Guid(05afa573d87999549a889113f225a56e) Importer(815301076,1909f56bfc062723c751e8b465ee728b)  -> (artifact id: 'baa2680edbb655c3fe58ee184b951fd7') in 0.001357 seconds
  Import took 0.003725 seconds .

========================================================================
Received Import Request.
  Time since last request: 207.011552 seconds.
  path: Assets/Scripts/Game/ThirdPersonmovement.cs
  artifactKey: Guid(05afa573d87999549a889113f225a56e) Importer(815301076,1909f56bfc062723c751e8b465ee728b)
Start importing Assets/Scripts/Game/ThirdPersonmovement.cs using Guid(05afa573d87999549a889113f225a56e) Importer(815301076,1909f56bfc062723c751e8b465ee728b)  -> (artifact id: 'e49b48a0c935498b475625b3cca9fb21') in 0.006112 seconds
  Import took 0.010712 seconds .

========================================================================
Received Prepare
Registering precompiled user dll's ...
Registered in 0.000438 seconds.
Begin MonoManager ReloadAssembly
Native extension for WindowsStandalone target not found
Refreshing native plugins compatible for Editor in 0.23 ms, found 0 plugins.
Preloading 0 native plugins for Editor in 0.00 ms.
Warning: Annotation not found!
UnityEngine.StackTraceUtility:ExtractStackTrace ()
UnityEditor.ProBuilder.EditorUtility:SetGizmoIconEnabled (System.Type,bool) (at Library/PackageCache/com.unity.probuilder@4.4.0/Editor/EditorCore/EditorUtility.cs:593)
UnityEditor.ProBuilder.HierarchyListener:.cctor () (at Library/PackageCache/com.unity.probuilder@4.4.0/Editor/EditorCore/HierarchyListener.cs:21)
System.Runtime.CompilerServices.RuntimeHelpers:RunClassConstructor (System.RuntimeTypeHandle)
UnityEditor.EditorAssemblies:ProcessInitializeOnLoadAttributes (System.Type[])

[Library/PackageCache/com.unity.probuilder@4.4.0/Editor/EditorCore/EditorUtility.cs line 593]

Invoked RoslynAnalysisRunner static constructor.
RoslynAnalysisRunner will not be running.
RoslynAnalysisRunner has terminated.
Mono: successfully reloaded assembly
- Completed reload, in  0.622 seconds
Platform modules already initialized, skipping
Refreshing native plugins compatible for Editor in 0.24 ms, found 0 plugins.
Preloading 0 native plugins for Editor in 0.00 ms.
Unloading 1483 Unused Serialized files (Serialized files now loaded: 0)
System memory in use before: 73.3 MB.
System memory in use after: 72.8 MB.

Unloading 19 unused Assets to reduce memory usage. Loaded Objects now: 1943.
Total: 2.047500 ms (FindLiveObjects: 0.264200 ms CreateObjectMapping: 0.060700 ms MarkObjects: 1.441300 ms  DeleteObjects: 0.280400 ms)

========================================================================
Received Import Request.
  Time since last request: 21.794806 seconds.
  path: Assets/Scenes/GameScene.unity
  artifactKey: Guid(9fc0d4010bbf28b4594072e72b8655ab) Importer(815301076,1909f56bfc062723c751e8b465ee728b)
Start importing Assets/Scenes/GameScene.unity using Guid(9fc0d4010bbf28b4594072e72b8655ab) Importer(815301076,1909f56bfc062723c751e8b465ee728b)  -> (artifact id: '39a01fdf8e6266ac5f954c591eab5e06') in 0.007740 seconds
  Import took 0.009663 seconds .

========================================================================
Received Import Request.
  Time since last request: 0.003738 seconds.
  path: Assets/Scenes/GameScene.unity
  artifactKey: Guid(9fc0d4010bbf28b4594072e72b8655ab) Importer(815301076,1909f56bfc062723c751e8b465ee728b)
Start importing Assets/Scenes/GameScene.unity using Guid(9fc0d4010bbf28b4594072e72b8655ab) Importer(815301076,1909f56bfc062723c751e8b465ee728b)  -> (artifact id: '39a01fdf8e6266ac5f954c591eab5e06') in 0.001379 seconds
  Import took 0.003270 seconds .

========================================================================
Received Prepare
Registering precompiled user dll's ...
Registered in 0.000438 seconds.
Begin MonoManager ReloadAssembly
Native extension for WindowsStandalone target not found
Refreshing native plugins compatible for Editor in 0.25 ms, found 0 plugins.
Preloading 0 native plugins for Editor in 0.00 ms.
Warning: Annotation not found!
UnityEngine.StackTraceUtility:ExtractStackTrace ()
UnityEditor.ProBuilder.EditorUtility:SetGizmoIconEnabled (System.Type,bool) (at Library/PackageCache/com.unity.probuilder@4.4.0/Editor/EditorCore/EditorUtility.cs:593)
UnityEditor.ProBuilder.HierarchyListener:.cctor () (at Library/PackageCache/com.unity.probuilder@4.4.0/Editor/EditorCore/HierarchyListener.cs:21)
System.Runtime.CompilerServices.RuntimeHelpers:RunClassConstructor (System.RuntimeTypeHandle)
UnityEditor.EditorAssemblies:ProcessInitializeOnLoadAttributes (System.Type[])

[Library/PackageCache/com.unity.probuilder@4.4.0/Editor/EditorCore/EditorUtility.cs line 593]

Invoked RoslynAnalysisRunner static constructor.
RoslynAnalysisRunner will not be running.
RoslynAnalysisRunner has terminated.
Mono: successfully reloaded assembly
- Completed reload, in  0.655 seconds
Platform modules already initialized, skipping
Refreshing native plugins compatible for Editor in 0.27 ms, found 0 plugins.
Preloading 0 native plugins for Editor in 0.00 ms.
Unloading 1483 Unused Serialized files (Serialized files now loaded: 0)
System memory in use before: 73.4 MB.
System memory in use after: 72.8 MB.

Unloading 19 unused Assets to reduce memory usage. Loaded Objects now: 1945.
Total: 2.025000 ms (FindLiveObjects: 0.166200 ms CreateObjectMapping: 0.049800 ms MarkObjects: 1.520100 ms  DeleteObjects: 0.287700 ms)

========================================================================
Received Prepare
Registering precompiled user dll's ...
Registered in 0.000419 seconds.
Begin MonoManager ReloadAssembly
Native extension for WindowsStandalone target not found
Refreshing native plugins compatible for Editor in 0.23 ms, found 0 plugins.
Preloading 0 native plugins for Editor in 0.00 ms.
Warning: Annotation not found!
UnityEngine.StackTraceUtility:ExtractStackTrace ()
UnityEditor.ProBuilder.EditorUtility:SetGizmoIconEnabled (System.Type,bool) (at Library/PackageCache/com.unity.probuilder@4.4.0/Editor/EditorCore/EditorUtility.cs:593)
UnityEditor.ProBuilder.HierarchyListener:.cctor () (at Library/PackageCache/com.unity.probuilder@4.4.0/Editor/EditorCore/HierarchyListener.cs:21)
System.Runtime.CompilerServices.RuntimeHelpers:RunClassConstructor (System.RuntimeTypeHandle)
UnityEditor.EditorAssemblies:ProcessInitializeOnLoadAttributes (System.Type[])

[Library/PackageCache/com.unity.probuilder@4.4.0/Editor/EditorCore/EditorUtility.cs line 593]

Invoked RoslynAnalysisRunner static constructor.
RoslynAnalysisRunner will not be running.
RoslynAnalysisRunner has terminated.
Mono: successfully reloaded assembly
- Completed reload, in  0.627 seconds
Platform modules already initialized, skipping
Refreshing native plugins compatible for Editor in 0.25 ms, found 0 plugins.
Preloading 0 native plugins for Editor in 0.00 ms.
Unloading 1483 Unused Serialized files (Serialized files now loaded: 0)
System memory in use before: 74.0 MB.
System memory in use after: 73.4 MB.

Unloading 19 unused Assets to reduce memory usage. Loaded Objects now: 1947.
Total: 2.250100 ms (FindLiveObjects: 0.167400 ms CreateObjectMapping: 0.042500 ms MarkObjects: 1.723200 ms  DeleteObjects: 0.315700 ms)

========================================================================
Received Prepare
Registering precompiled user dll's ...
Registered in 0.000450 seconds.
Begin MonoManager ReloadAssembly
Native extension for WindowsStandalone target not found
Refreshing native plugins compatible for Editor in 0.24 ms, found 0 plugins.
Preloading 0 native plugins for Editor in 0.00 ms.
Warning: Annotation not found!
UnityEngine.StackTraceUtility:ExtractStackTrace ()
UnityEditor.ProBuilder.EditorUtility:SetGizmoIconEnabled (System.Type,bool) (at Library/PackageCache/com.unity.probuilder@4.4.0/Editor/EditorCore/EditorUtility.cs:593)
UnityEditor.ProBuilder.HierarchyListener:.cctor () (at Library/PackageCache/com.unity.probuilder@4.4.0/Editor/EditorCore/HierarchyListener.cs:21)
System.Runtime.CompilerServices.RuntimeHelpers:RunClassConstructor (System.RuntimeTypeHandle)
UnityEditor.EditorAssemblies:ProcessInitializeOnLoadAttributes (System.Type[])

[Library/PackageCache/com.unity.probuilder@4.4.0/Editor/EditorCore/EditorUtility.cs line 593]

Invoked RoslynAnalysisRunner static constructor.
RoslynAnalysisRunner will not be running.
RoslynAnalysisRunner has terminated.
Mono: successfully reloaded assembly
- Completed reload, in  0.634 seconds
Platform modules already initialized, skipping
Refreshing native plugins compatible for Editor in 0.26 ms, found 0 plugins.
Preloading 0 native plugins for Editor in 0.00 ms.
Unloading 1483 Unused Serialized files (Serialized files now loaded: 0)
System memory in use before: 74.3 MB.
System memory in use after: 73.8 MB.

Unloading 19 unused Assets to reduce memory usage. Loaded Objects now: 1949.
Total: 2.077300 ms (FindLiveObjects: 0.186000 ms CreateObjectMapping: 0.047400 ms MarkObjects: 1.518100 ms  DeleteObjects: 0.325100 ms)

========================================================================
Received Import Request.
  Time since last request: 320.249982 seconds.
  path: Assets/Scripts/Behaviours/AiStates.cs
  artifactKey: Guid(60091b15f08a7b948a1cf9fe85356977) Importer(815301076,1909f56bfc062723c751e8b465ee728b)
Start importing Assets/Scripts/Behaviours/AiStates.cs using Guid(60091b15f08a7b948a1cf9fe85356977) Importer(815301076,1909f56bfc062723c751e8b465ee728b)  -> (artifact id: '5956016b84413d02d79f0f02afa5309e') in 0.006198 seconds
  Import took 0.604654 seconds .

========================================================================
Received Prepare
Registering precompiled user dll's ...
Registered in 0.000427 seconds.
Begin MonoManager ReloadAssembly
Native extension for WindowsStandalone target not found
Refreshing native plugins compatible for Editor in 0.24 ms, found 0 plugins.
Preloading 0 native plugins for Editor in 0.00 ms.
Warning: Annotation not found!
UnityEngine.StackTraceUtility:ExtractStackTrace ()
UnityEditor.ProBuilder.EditorUtility:SetGizmoIconEnabled (System.Type,bool) (at Library/PackageCache/com.unity.probuilder@4.4.0/Editor/EditorCore/EditorUtility.cs:593)
UnityEditor.ProBuilder.HierarchyListener:.cctor () (at Library/PackageCache/com.unity.probuilder@4.4.0/Editor/EditorCore/HierarchyListener.cs:21)
System.Runtime.CompilerServices.RuntimeHelpers:RunClassConstructor (System.RuntimeTypeHandle)
UnityEditor.EditorAssemblies:ProcessInitializeOnLoadAttributes (System.Type[])

[Library/PackageCache/com.unity.probuilder@4.4.0/Editor/EditorCore/EditorUtility.cs line 593]

Invoked RoslynAnalysisRunner static constructor.
RoslynAnalysisRunner will not be running.
RoslynAnalysisRunner has terminated.
Mono: successfully reloaded assembly
- Completed reload, in  0.617 seconds
Platform modules already initialized, skipping
Refreshing native plugins compatible for Editor in 0.24 ms, found 0 plugins.
Preloading 0 native plugins for Editor in 0.00 ms.
Unloading 1483 Unused Serialized files (Serialized files now loaded: 0)
System memory in use before: 74.4 MB.
System memory in use after: 73.9 MB.

Unloading 19 unused Assets to reduce memory usage. Loaded Objects now: 1951.
Total: 2.366100 ms (FindLiveObjects: 0.243400 ms CreateObjectMapping: 0.097500 ms MarkObjects: 1.706600 ms  DeleteObjects: 0.316800 ms)

========================================================================
Received Import Request.
  Time since last request: 42.198786 seconds.
  path: Assets/Scripts/Behaviours/AiStates.cs
  artifactKey: Guid(60091b15f08a7b948a1cf9fe85356977) Importer(815301076,1909f56bfc062723c751e8b465ee728b)
Start importing Assets/Scripts/Behaviours/AiStates.cs using Guid(60091b15f08a7b948a1cf9fe85356977) Importer(815301076,1909f56bfc062723c751e8b465ee728b)  -> (artifact id: 'a1c357bea601d7f2dbca8d9c1098edb0') in 0.003101 seconds
  Import took 0.018549 seconds .

========================================================================
Received Prepare
Registering precompiled user dll's ...
Registered in 0.000418 seconds.
Begin MonoManager ReloadAssembly
Native extension for WindowsStandalone target not found
Refreshing native plugins compatible for Editor in 0.23 ms, found 0 plugins.
Preloading 0 native plugins for Editor in 0.00 ms.
Warning: Annotation not found!
UnityEngine.StackTraceUtility:ExtractStackTrace ()
UnityEditor.ProBuilder.EditorUtility:SetGizmoIconEnabled (System.Type,bool) (at Library/PackageCache/com.unity.probuilder@4.4.0/Editor/EditorCore/EditorUtility.cs:593)
UnityEditor.ProBuilder.HierarchyListener:.cctor () (at Library/PackageCache/com.unity.probuilder@4.4.0/Editor/EditorCore/HierarchyListener.cs:21)
System.Runtime.CompilerServices.RuntimeHelpers:RunClassConstructor (System.RuntimeTypeHandle)
UnityEditor.EditorAssemblies:ProcessInitializeOnLoadAttributes (System.Type[])

[Library/PackageCache/com.unity.probuilder@4.4.0/Editor/EditorCore/EditorUtility.cs line 593]

Invoked RoslynAnalysisRunner static constructor.
RoslynAnalysisRunner will not be running.
RoslynAnalysisRunner has terminated.
Mono: successfully reloaded assembly
- Completed reload, in  0.621 seconds
Platform modules already initialized, skipping
Refreshing native plugins compatible for Editor in 0.25 ms, found 0 plugins.
Preloading 0 native plugins for Editor in 0.00 ms.
Unloading 1483 Unused Serialized files (Serialized files now loaded: 0)
System memory in use before: 74.0 MB.
System memory in use after: 73.4 MB.

Unloading 19 unused Assets to reduce memory usage. Loaded Objects now: 1953.
Total: 2.032900 ms (FindLiveObjects: 0.151400 ms CreateObjectMapping: 0.042800 ms MarkObjects: 1.530200 ms  DeleteObjects: 0.307500 ms)

========================================================================
Received Prepare
Registering precompiled user dll's ...
Registered in 0.000499 seconds.
Begin MonoManager ReloadAssembly
Native extension for WindowsStandalone target not found
Refreshing native plugins compatible for Editor in 0.23 ms, found 0 plugins.
Preloading 0 native plugins for Editor in 0.00 ms.
Warning: Annotation not found!
UnityEngine.StackTraceUtility:ExtractStackTrace ()
UnityEditor.ProBuilder.EditorUtility:SetGizmoIconEnabled (System.Type,bool) (at Library/PackageCache/com.unity.probuilder@4.4.0/Editor/EditorCore/EditorUtility.cs:593)
UnityEditor.ProBuilder.HierarchyListener:.cctor () (at Library/PackageCache/com.unity.probuilder@4.4.0/Editor/EditorCore/HierarchyListener.cs:21)
System.Runtime.CompilerServices.RuntimeHelpers:RunClassConstructor (System.RuntimeTypeHandle)
UnityEditor.EditorAssemblies:ProcessInitializeOnLoadAttributes (System.Type[])

[Library/PackageCache/com.unity.probuilder@4.4.0/Editor/EditorCore/EditorUtility.cs line 593]

Invoked RoslynAnalysisRunner static constructor.
RoslynAnalysisRunner will not be running.
RoslynAnalysisRunner has terminated.
Mono: successfully reloaded assembly
- Completed reload, in  0.646 seconds
Platform modules already initialized, skipping
Refreshing native plugins compatible for Editor in 0.26 ms, found 0 plugins.
Preloading 0 native plugins for Editor in 0.00 ms.
Unloading 1483 Unused Serialized files (Serialized files now loaded: 0)
System memory in use before: 74.3 MB.
System memory in use after: 73.8 MB.

Unloading 19 unused Assets to reduce memory usage. Loaded Objects now: 1955.
Total: 2.122800 ms (FindLiveObjects: 0.200200 ms CreateObjectMapping: 0.053200 ms MarkObjects: 1.563200 ms  DeleteObjects: 0.305000 ms)

========================================================================
Received Import Request.
  Time since last request: 324.992819 seconds.
  path: Assets/Scripts/Behaviours/PlayerCharacter.fbx
  artifactKey: Guid(3bebc6dcf92bb02448027376fa3b4505) Importer(815301076,1909f56bfc062723c751e8b465ee728b)
Start importing Assets/Scripts/Behaviours/PlayerCharacter.fbx using Guid(3bebc6dcf92bb02448027376fa3b4505) Importer(815301076,1909f56bfc062723c751e8b465ee728b)  -> (artifact id: 'ed44f18d4c45c4df3afab731b66afbed') in 0.187245 seconds
  Import took 0.189280 seconds .

========================================================================
Received Prepare
Registering precompiled user dll's ...
Registered in 0.000515 seconds.
Begin MonoManager ReloadAssembly
Native extension for WindowsStandalone target not found
Refreshing native plugins compatible for Editor in 0.24 ms, found 0 plugins.
Preloading 0 native plugins for Editor in 0.00 ms.
Warning: Annotation not found!
UnityEngine.StackTraceUtility:ExtractStackTrace ()
UnityEditor.ProBuilder.EditorUtility:SetGizmoIconEnabled (System.Type,bool) (at Library/PackageCache/com.unity.probuilder@4.4.0/Editor/EditorCore/EditorUtility.cs:593)
UnityEditor.ProBuilder.HierarchyListener:.cctor () (at Library/PackageCache/com.unity.probuilder@4.4.0/Editor/EditorCore/HierarchyListener.cs:21)
System.Runtime.CompilerServices.RuntimeHelpers:RunClassConstructor (System.RuntimeTypeHandle)
UnityEditor.EditorAssemblies:ProcessInitializeOnLoadAttributes (System.Type[])

[Library/PackageCache/com.unity.probuilder@4.4.0/Editor/EditorCore/EditorUtility.cs line 593]

Invoked RoslynAnalysisRunner static constructor.
RoslynAnalysisRunner will not be running.
RoslynAnalysisRunner has terminated.
Mono: successfully reloaded assembly
- Completed reload, in  0.628 seconds
Platform modules already initialized, skipping
Refreshing native plugins compatible for Editor in 0.24 ms, found 0 plugins.
Preloading 0 native plugins for Editor in 0.00 ms.
Unloading 1483 Unused Serialized files (Serialized files now loaded: 0)
System memory in use before: 77.6 MB.
System memory in use after: 77.0 MB.

Unloading 19 unused Assets to reduce memory usage. Loaded Objects now: 2000.
Total: 2.136100 ms (FindLiveObjects: 0.185300 ms CreateObjectMapping: 0.051600 ms MarkObjects: 1.621300 ms  DeleteObjects: 0.276900 ms)

========================================================================
Received Prepare
Registering precompiled user dll's ...
Registered in 0.000411 seconds.
Begin MonoManager ReloadAssembly
Native extension for WindowsStandalone target not found
Refreshing native plugins compatible for Editor in 0.23 ms, found 0 plugins.
Preloading 0 native plugins for Editor in 0.00 ms.
Warning: Annotation not found!
UnityEngine.StackTraceUtility:ExtractStackTrace ()
UnityEditor.ProBuilder.EditorUtility:SetGizmoIconEnabled (System.Type,bool) (at Library/PackageCache/com.unity.probuilder@4.4.0/Editor/EditorCore/EditorUtility.cs:593)
UnityEditor.ProBuilder.HierarchyListener:.cctor () (at Library/PackageCache/com.unity.probuilder@4.4.0/Editor/EditorCore/HierarchyListener.cs:21)
System.Runtime.CompilerServices.RuntimeHelpers:RunClassConstructor (System.RuntimeTypeHandle)
UnityEditor.EditorAssemblies:ProcessInitializeOnLoadAttributes (System.Type[])

[Library/PackageCache/com.unity.probuilder@4.4.0/Editor/EditorCore/EditorUtility.cs line 593]

Invoked RoslynAnalysisRunner static constructor.
RoslynAnalysisRunner will not be running.
RoslynAnalysisRunner has terminated.
Mono: successfully reloaded assembly
- Completed reload, in  0.615 seconds
Platform modules already initialized, skipping
Refreshing native plugins compatible for Editor in 0.27 ms, found 0 plugins.
Preloading 0 native plugins for Editor in 0.00 ms.
Unloading 1483 Unused Serialized files (Serialized files now loaded: 0)
System memory in use before: 77.1 MB.
System memory in use after: 76.6 MB.

Unloading 19 unused Assets to reduce memory usage. Loaded Objects now: 2002.
Total: 2.052300 ms (FindLiveObjects: 0.178900 ms CreateObjectMapping: 0.049400 ms MarkObjects: 1.482100 ms  DeleteObjects: 0.338300 ms)

========================================================================
Received Prepare
Registering precompiled user dll's ...
Registered in 0.000465 seconds.
Begin MonoManager ReloadAssembly
Native extension for WindowsStandalone target not found
Refreshing native plugins compatible for Editor in 0.23 ms, found 0 plugins.
Preloading 0 native plugins for Editor in 0.00 ms.
Warning: Annotation not found!
UnityEngine.StackTraceUtility:ExtractStackTrace ()
UnityEditor.ProBuilder.EditorUtility:SetGizmoIconEnabled (System.Type,bool) (at Library/PackageCache/com.unity.probuilder@4.4.0/Editor/EditorCore/EditorUtility.cs:593)
UnityEditor.ProBuilder.HierarchyListener:.cctor () (at Library/PackageCache/com.unity.probuilder@4.4.0/Editor/EditorCore/HierarchyListener.cs:21)
System.Runtime.CompilerServices.RuntimeHelpers:RunClassConstructor (System.RuntimeTypeHandle)
UnityEditor.EditorAssemblies:ProcessInitializeOnLoadAttributes (System.Type[])

[Library/PackageCache/com.unity.probuilder@4.4.0/Editor/EditorCore/EditorUtility.cs line 593]

Invoked RoslynAnalysisRunner static constructor.
RoslynAnalysisRunner will not be running.
RoslynAnalysisRunner has terminated.
Mono: successfully reloaded assembly
- Completed reload, in  0.634 seconds
Platform modules already initialized, skipping
Refreshing native plugins compatible for Editor in 0.25 ms, found 0 plugins.
Preloading 0 native plugins for Editor in 0.00 ms.
Unloading 1483 Unused Serialized files (Serialized files now loaded: 0)
System memory in use before: 77.5 MB.
System memory in use after: 77.0 MB.

Unloading 19 unused Assets to reduce memory usage. Loaded Objects now: 2004.
Total: 1.867500 ms (FindLiveObjects: 0.154100 ms CreateObjectMapping: 0.039100 ms MarkObjects: 1.360500 ms  DeleteObjects: 0.312800 ms)

========================================================================
Received Prepare
Registering precompiled user dll's ...
Registered in 0.000433 seconds.
Begin MonoManager ReloadAssembly
Native extension for WindowsStandalone target not found
Refreshing native plugins compatible for Editor in 0.24 ms, found 0 plugins.
Preloading 0 native plugins for Editor in 0.00 ms.
Warning: Annotation not found!
UnityEngine.StackTraceUtility:ExtractStackTrace ()
UnityEditor.ProBuilder.EditorUtility:SetGizmoIconEnabled (System.Type,bool) (at Library/PackageCache/com.unity.probuilder@4.4.0/Editor/EditorCore/EditorUtility.cs:593)
UnityEditor.ProBuilder.HierarchyListener:.cctor () (at Library/PackageCache/com.unity.probuilder@4.4.0/Editor/EditorCore/HierarchyListener.cs:21)
System.Runtime.CompilerServices.RuntimeHelpers:RunClassConstructor (System.RuntimeTypeHandle)
UnityEditor.EditorAssemblies:ProcessInitializeOnLoadAttributes (System.Type[])

[Library/PackageCache/com.unity.probuilder@4.4.0/Editor/EditorCore/EditorUtility.cs line 593]

Invoked RoslynAnalysisRunner static constructor.
RoslynAnalysisRunner will not be running.
RoslynAnalysisRunner has terminated.
Mono: successfully reloaded assembly
- Completed reload, in  0.614 seconds
Platform modules already initialized, skipping
Refreshing native plugins compatible for Editor in 0.24 ms, found 0 plugins.
Preloading 0 native plugins for Editor in 0.00 ms.
Unloading 1483 Unused Serialized files (Serialized files now loaded: 0)
System memory in use before: 77.6 MB.
System memory in use after: 77.1 MB.

Unloading 19 unused Assets to reduce memory usage. Loaded Objects now: 2006.
Total: 2.161200 ms (FindLiveObjects: 0.190700 ms CreateObjectMapping: 0.070600 ms MarkObjects: 1.588500 ms  DeleteObjects: 0.310000 ms)

========================================================================
Received Import Request.
  Time since last request: 874.386281 seconds.
  path: Assets/Scripts/Behaviours/player.fbx
  artifactKey: Guid(e7af3328d3f6a3c4dbd183c3e08dc549) Importer(815301076,1909f56bfc062723c751e8b465ee728b)
Start importing Assets/Scripts/Behaviours/player.fbx using Guid(e7af3328d3f6a3c4dbd183c3e08dc549) Importer(815301076,1909f56bfc062723c751e8b465ee728b)  -> (artifact id: 'd4fb19a5932ecc6372f6ebbb80171768') in 0.069007 seconds
  Import took 0.071087 seconds .

========================================================================
Received Prepare
Registering precompiled user dll's ...
Registered in 0.000488 seconds.
Begin MonoManager ReloadAssembly
Native extension for WindowsStandalone target not found
Refreshing native plugins compatible for Editor in 0.23 ms, found 0 plugins.
Preloading 0 native plugins for Editor in 0.00 ms.
Warning: Annotation not found!
UnityEngine.StackTraceUtility:ExtractStackTrace ()
UnityEditor.ProBuilder.EditorUtility:SetGizmoIconEnabled (System.Type,bool) (at Library/PackageCache/com.unity.probuilder@4.4.0/Editor/EditorCore/EditorUtility.cs:593)
UnityEditor.ProBuilder.HierarchyListener:.cctor () (at Library/PackageCache/com.unity.probuilder@4.4.0/Editor/EditorCore/HierarchyListener.cs:21)
System.Runtime.CompilerServices.RuntimeHelpers:RunClassConstructor (System.RuntimeTypeHandle)
UnityEditor.EditorAssemblies:ProcessInitializeOnLoadAttributes (System.Type[])

[Library/PackageCache/com.unity.probuilder@4.4.0/Editor/EditorCore/EditorUtility.cs line 593]

Invoked RoslynAnalysisRunner static constructor.
RoslynAnalysisRunner will not be running.
RoslynAnalysisRunner has terminated.
Mono: successfully reloaded assembly
- Completed reload, in  0.637 seconds
Platform modules already initialized, skipping
Refreshing native plugins compatible for Editor in 0.23 ms, found 0 plugins.
Preloading 0 native plugins for Editor in 0.00 ms.
Unloading 1483 Unused Serialized files (Serialized files now loaded: 0)
System memory in use before: 77.2 MB.
System memory in use after: 76.6 MB.

Unloading 19 unused Assets to reduce memory usage. Loaded Objects now: 2009.
Total: 2.239600 ms (FindLiveObjects: 0.218800 ms CreateObjectMapping: 0.065800 ms MarkObjects: 1.638200 ms  DeleteObjects: 0.315900 ms)

========================================================================
Received Import Request.
  Time since last request: 159.279045 seconds.
  path: Assets/Scripts/Behaviours/player (1).fbx
  artifactKey: Guid(0a49f19f20ff1164d923efa3255f9f69) Importer(815301076,1909f56bfc062723c751e8b465ee728b)
Start importing Assets/Scripts/Behaviours/player (1).fbx using Guid(0a49f19f20ff1164d923efa3255f9f69) Importer(815301076,1909f56bfc062723c751e8b465ee728b)  -> (artifact id: '44e835d812c31615d20906cf87a28e5b') in 0.071812 seconds
  Import took 0.074222 seconds .

========================================================================
Received Import Request.
  Time since last request: 146.449732 seconds.
  path: Assets/Scripts/Behaviours/Flashlight.fbx
  artifactKey: Guid(e5f3b94eb78e5364cb126e05d782dd00) Importer(815301076,1909f56bfc062723c751e8b465ee728b)
Start importing Assets/Scripts/Behaviours/Flashlight.fbx using Guid(e5f3b94eb78e5364cb126e05d782dd00) Importer(815301076,1909f56bfc062723c751e8b465ee728b)  -> (artifact id: '77dafa73859c7dabfaefa652c0571917') in 0.015872 seconds
  Import took 0.018390 seconds .

========================================================================
Received Prepare
Registering precompiled user dll's ...
Registered in 0.000420 seconds.
Begin MonoManager ReloadAssembly
Native extension for WindowsStandalone target not found
Refreshing native plugins compatible for Editor in 0.24 ms, found 0 plugins.
Preloading 0 native plugins for Editor in 0.00 ms.
Warning: Annotation not found!
UnityEngine.StackTraceUtility:ExtractStackTrace ()
UnityEditor.ProBuilder.EditorUtility:SetGizmoIconEnabled (System.Type,bool) (at Library/PackageCache/com.unity.probuilder@4.4.0/Editor/EditorCore/EditorUtility.cs:593)
UnityEditor.ProBuilder.HierarchyListener:.cctor () (at Library/PackageCache/com.unity.probuilder@4.4.0/Editor/EditorCore/HierarchyListener.cs:21)
System.Runtime.CompilerServices.RuntimeHelpers:RunClassConstructor (System.RuntimeTypeHandle)
UnityEditor.EditorAssemblies:ProcessInitializeOnLoadAttributes (System.Type[])

[Library/PackageCache/com.unity.probuilder@4.4.0/Editor/EditorCore/EditorUtility.cs line 593]

Invoked RoslynAnalysisRunner static constructor.
RoslynAnalysisRunner will not be running.
RoslynAnalysisRunner has terminated.
Mono: successfully reloaded assembly
- Completed reload, in  0.673 seconds
Platform modules already initialized, skipping
Refreshing native plugins compatible for Editor in 0.24 ms, found 0 plugins.
Preloading 0 native plugins for Editor in 0.00 ms.
Unloading 1482 Unused Serialized files (Serialized files now loaded: 0)
System memory in use before: 77.5 MB.
System memory in use after: 77.0 MB.

Unloading 20 unused Assets to reduce memory usage. Loaded Objects now: 2011.
Total: 2.059000 ms (FindLiveObjects: 0.216800 ms CreateObjectMapping: 0.061400 ms MarkObjects: 1.448100 ms  DeleteObjects: 0.331700 ms)

========================================================================
Received Prepare
Registering precompiled user dll's ...
Registered in 0.000391 seconds.
Begin MonoManager ReloadAssembly
Native extension for WindowsStandalone target not found
Refreshing native plugins compatible for Editor in 0.23 ms, found 0 plugins.
Preloading 0 native plugins for Editor in 0.00 ms.
Warning: Annotation not found!
UnityEngine.StackTraceUtility:ExtractStackTrace ()
UnityEditor.ProBuilder.EditorUtility:SetGizmoIconEnabled (System.Type,bool) (at Library/PackageCache/com.unity.probuilder@4.4.0/Editor/EditorCore/EditorUtility.cs:593)
UnityEditor.ProBuilder.HierarchyListener:.cctor () (at Library/PackageCache/com.unity.probuilder@4.4.0/Editor/EditorCore/HierarchyListener.cs:21)
System.Runtime.CompilerServices.RuntimeHelpers:RunClassConstructor (System.RuntimeTypeHandle)
UnityEditor.EditorAssemblies:ProcessInitializeOnLoadAttributes (System.Type[])

[Library/PackageCache/com.unity.probuilder@4.4.0/Editor/EditorCore/EditorUtility.cs line 593]

Invoked RoslynAnalysisRunner static constructor.
RoslynAnalysisRunner will not be running.
RoslynAnalysisRunner has terminated.
Mono: successfully reloaded assembly
- Completed reload, in  0.611 seconds
Platform modules already initialized, skipping
Refreshing native plugins compatible for Editor in 0.25 ms, found 0 plugins.
Preloading 0 native plugins for Editor in 0.00 ms.
Unloading 1482 Unused Serialized files (Serialized files now loaded: 0)
System memory in use before: 77.6 MB.
System memory in use after: 77.1 MB.

Unloading 19 unused Assets to reduce memory usage. Loaded Objects now: 2013.
Total: 2.352100 ms (FindLiveObjects: 0.187800 ms CreateObjectMapping: 0.053000 ms MarkObjects: 1.776900 ms  DeleteObjects: 0.332800 ms)

========================================================================
Received Prepare
Registering precompiled user dll's ...
Registered in 0.000443 seconds.
Begin MonoManager ReloadAssembly
Native extension for WindowsStandalone target not found
Refreshing native plugins compatible for Editor in 0.24 ms, found 0 plugins.
Preloading 0 native plugins for Editor in 0.00 ms.
Warning: Annotation not found!
UnityEngine.StackTraceUtility:ExtractStackTrace ()
UnityEditor.ProBuilder.EditorUtility:SetGizmoIconEnabled (System.Type,bool) (at Library/PackageCache/com.unity.probuilder@4.4.0/Editor/EditorCore/EditorUtility.cs:593)
UnityEditor.ProBuilder.HierarchyListener:.cctor () (at Library/PackageCache/com.unity.probuilder@4.4.0/Editor/EditorCore/HierarchyListener.cs:21)
System.Runtime.CompilerServices.RuntimeHelpers:RunClassConstructor (System.RuntimeTypeHandle)
UnityEditor.EditorAssemblies:ProcessInitializeOnLoadAttributes (System.Type[])

[Library/PackageCache/com.unity.probuilder@4.4.0/Editor/EditorCore/EditorUtility.cs line 593]

Invoked RoslynAnalysisRunner static constructor.
RoslynAnalysisRunner will not be running.
RoslynAnalysisRunner has terminated.
Mono: successfully reloaded assembly
- Completed reload, in  0.612 seconds
Platform modules already initialized, skipping
Refreshing native plugins compatible for Editor in 0.24 ms, found 0 plugins.
Preloading 0 native plugins for Editor in 0.00 ms.
Unloading 1482 Unused Serialized files (Serialized files now loaded: 0)
System memory in use before: 77.2 MB.
System memory in use after: 76.7 MB.

Unloading 19 unused Assets to reduce memory usage. Loaded Objects now: 2015.
Total: 2.244000 ms (FindLiveObjects: 0.273000 ms CreateObjectMapping: 0.058500 ms MarkObjects: 1.571000 ms  DeleteObjects: 0.340100 ms)

========================================================================
Received Import Request.
  Time since last request: 311.218435 seconds.
  path: Assets/Resources/Keys.fbx
  artifactKey: Guid(703d8fbebbed543428ebeef052b7df27) Importer(815301076,1909f56bfc062723c751e8b465ee728b)
Start importing Assets/Resources/Keys.fbx using Guid(703d8fbebbed543428ebeef052b7df27) Importer(815301076,1909f56bfc062723c751e8b465ee728b)  -> (artifact id: '184f2569b48f595fc0940afb8829e65a') in 0.104023 seconds
  Import took 0.117988 seconds .

========================================================================
Received Import Request.
  Time since last request: 0.000236 seconds.
  path: Assets/Resources/Monkey Toy.fbx
  artifactKey: Guid(ec6998ee2f9afa841bfa2add523905d0) Importer(815301076,1909f56bfc062723c751e8b465ee728b)
Start importing Assets/Resources/Monkey Toy.fbx using Guid(ec6998ee2f9afa841bfa2add523905d0) Importer(815301076,1909f56bfc062723c751e8b465ee728b)  -> (artifact id: 'd6f57964615a15fa81c0cb770e0c4c94') in 0.016384 seconds
  Import took 0.024979 seconds .

========================================================================
Received Import Request.
  Time since last request: 735.992073 seconds.
  path: Assets/Resources/Keys.prefab
  artifactKey: Guid(115c862469d8d194daef548b53fb1f79) Importer(815301076,1909f56bfc062723c751e8b465ee728b)
Start importing Assets/Resources/Keys.prefab using Guid(115c862469d8d194daef548b53fb1f79) Importer(815301076,1909f56bfc062723c751e8b465ee728b)  -> (artifact id: 'a79127999944a9db5793a39ab0c472d5') in 0.010514 seconds
  Import took 0.019704 seconds .

========================================================================
Received Import Request.
  Time since last request: 20.617940 seconds.
  path: Assets/Resources/KeyPrefab.prefab
  artifactKey: Guid(115c862469d8d194daef548b53fb1f79) Importer(815301076,1909f56bfc062723c751e8b465ee728b)
Start importing Assets/Resources/KeyPrefab.prefab using Guid(115c862469d8d194daef548b53fb1f79) Importer(815301076,1909f56bfc062723c751e8b465ee728b)  -> (artifact id: '2703d48ea4ec44843f5fc086bad6d1d7') in 0.009274 seconds
  Import took 0.011819 seconds .

========================================================================
Received Prepare
Registering precompiled user dll's ...
Registered in 0.000498 seconds.
Begin MonoManager ReloadAssembly
Native extension for WindowsStandalone target not found
Refreshing native plugins compatible for Editor in 0.23 ms, found 0 plugins.
Preloading 0 native plugins for Editor in 0.00 ms.
Warning: Annotation not found!
UnityEngine.StackTraceUtility:ExtractStackTrace ()
UnityEditor.ProBuilder.EditorUtility:SetGizmoIconEnabled (System.Type,bool) (at Library/PackageCache/com.unity.probuilder@4.4.0/Editor/EditorCore/EditorUtility.cs:593)
UnityEditor.ProBuilder.HierarchyListener:.cctor () (at Library/PackageCache/com.unity.probuilder@4.4.0/Editor/EditorCore/HierarchyListener.cs:21)
System.Runtime.CompilerServices.RuntimeHelpers:RunClassConstructor (System.RuntimeTypeHandle)
UnityEditor.EditorAssemblies:ProcessInitializeOnLoadAttributes (System.Type[])

[Library/PackageCache/com.unity.probuilder@4.4.0/Editor/EditorCore/EditorUtility.cs line 593]

Invoked RoslynAnalysisRunner static constructor.
RoslynAnalysisRunner will not be running.
RoslynAnalysisRunner has terminated.
Mono: successfully reloaded assembly
- Completed reload, in  0.632 seconds
Platform modules already initialized, skipping
Refreshing native plugins compatible for Editor in 0.24 ms, found 0 plugins.
Preloading 0 native plugins for Editor in 0.00 ms.
Unloading 1482 Unused Serialized files (Serialized files now loaded: 0)
System memory in use before: 77.6 MB.
System memory in use after: 77.1 MB.

Unloading 19 unused Assets to reduce memory usage. Loaded Objects now: 2018.
Total: 2.003700 ms (FindLiveObjects: 0.142800 ms CreateObjectMapping: 0.044500 ms MarkObjects: 1.498400 ms  DeleteObjects: 0.317100 ms)

========================================================================
Received Import Request.
  Time since last request: 147.544495 seconds.
  path: Assets/Resources/KeyPrefab.prefab
  artifactKey: Guid(115c862469d8d194daef548b53fb1f79) Importer(815301076,1909f56bfc062723c751e8b465ee728b)
Start importing Assets/Resources/KeyPrefab.prefab using Guid(115c862469d8d194daef548b53fb1f79) Importer(815301076,1909f56bfc062723c751e8b465ee728b)  -> (artifact id: 'af8d8c91619a9518568acb8a1b0511d5') in 0.053560 seconds
  Import took 0.055754 seconds .

========================================================================
Received Prepare
Registering precompiled user dll's ...
Registered in 0.000455 seconds.
Begin MonoManager ReloadAssembly
Native extension for WindowsStandalone target not found
Refreshing native plugins compatible for Editor in 0.23 ms, found 0 plugins.
Preloading 0 native plugins for Editor in 0.00 ms.
Warning: Annotation not found!
UnityEngine.StackTraceUtility:ExtractStackTrace ()
UnityEditor.ProBuilder.EditorUtility:SetGizmoIconEnabled (System.Type,bool) (at Library/PackageCache/com.unity.probuilder@4.4.0/Editor/EditorCore/EditorUtility.cs:593)
UnityEditor.ProBuilder.HierarchyListener:.cctor () (at Library/PackageCache/com.unity.probuilder@4.4.0/Editor/EditorCore/HierarchyListener.cs:21)
System.Runtime.CompilerServices.RuntimeHelpers:RunClassConstructor (System.RuntimeTypeHandle)
UnityEditor.EditorAssemblies:ProcessInitializeOnLoadAttributes (System.Type[])

[Library/PackageCache/com.unity.probuilder@4.4.0/Editor/EditorCore/EditorUtility.cs line 593]

Invoked RoslynAnalysisRunner static constructor.
RoslynAnalysisRunner will not be running.
RoslynAnalysisRunner has terminated.
Mono: successfully reloaded assembly
- Completed reload, in  0.625 seconds
Platform modules already initialized, skipping
Refreshing native plugins compatible for Editor in 0.23 ms, found 0 plugins.
Preloading 0 native plugins for Editor in 0.00 ms.
Unloading 1482 Unused Serialized files (Serialized files now loaded: 0)
System memory in use before: 77.7 MB.
System memory in use after: 77.2 MB.

Unloading 19 unused Assets to reduce memory usage. Loaded Objects now: 2021.
Total: 1.994300 ms (FindLiveObjects: 0.148500 ms CreateObjectMapping: 0.041700 ms MarkObjects: 1.493700 ms  DeleteObjects: 0.309300 ms)

========================================================================
Received Import Request.
  Time since last request: 504.698744 seconds.
  path: Assets/Resources/KeyPrefab.prefab
  artifactKey: Guid(115c862469d8d194daef548b53fb1f79) Importer(815301076,1909f56bfc062723c751e8b465ee728b)
Start importing Assets/Resources/KeyPrefab.prefab using Guid(115c862469d8d194daef548b53fb1f79) Importer(815301076,1909f56bfc062723c751e8b465ee728b)  -> (artifact id: 'c81c105d779305332fb7c5a8b03266c5') in 0.040971 seconds
  Import took 0.043208 seconds .

========================================================================
Received Import Request.
  Time since last request: 2.571134 seconds.
  path: Assets/Resources/KeyPrefab.prefab
  artifactKey: Guid(115c862469d8d194daef548b53fb1f79) Importer(815301076,1909f56bfc062723c751e8b465ee728b)
Start importing Assets/Resources/KeyPrefab.prefab using Guid(115c862469d8d194daef548b53fb1f79) Importer(815301076,1909f56bfc062723c751e8b465ee728b)  -> (artifact id: '857ed6db6701db69b4c5ee70d1b0bded') in 0.010525 seconds
  Import took 0.012777 seconds .

========================================================================
Received Import Request.
  Time since last request: 76.016444 seconds.
  path: Assets/Resources/Flashlight.prefab
  artifactKey: Guid(5ebde68c7a49f3d4bbdf5d7c62a841df) Importer(815301076,1909f56bfc062723c751e8b465ee728b)
Start importing Assets/Resources/Flashlight.prefab using Guid(5ebde68c7a49f3d4bbdf5d7c62a841df) Importer(815301076,1909f56bfc062723c751e8b465ee728b)  -> (artifact id: 'ef69d6e6c91cee43323b7b376068e9da') in 0.009133 seconds
  Import took 0.011298 seconds .

========================================================================
Received Import Request.
  Time since last request: 11.640743 seconds.
  path: Assets/Resources/FlashlightPrefab.prefab
  artifactKey: Guid(5ebde68c7a49f3d4bbdf5d7c62a841df) Importer(815301076,1909f56bfc062723c751e8b465ee728b)
Start importing Assets/Resources/FlashlightPrefab.prefab using Guid(5ebde68c7a49f3d4bbdf5d7c62a841df) Importer(815301076,1909f56bfc062723c751e8b465ee728b)  -> (artifact id: '573c349bb81c8eb207457fbe289c6dab') in 0.008994 seconds
  Import took 0.011065 seconds .

========================================================================
Received Import Request.
  Time since last request: 86.184837 seconds.
  path: Assets/Resources/Monkey Toy.prefab
  artifactKey: Guid(d6bbbe8f75a21f543a658513aaf38961) Importer(815301076,1909f56bfc062723c751e8b465ee728b)
Start importing Assets/Resources/Monkey Toy.prefab using Guid(d6bbbe8f75a21f543a658513aaf38961) Importer(815301076,1909f56bfc062723c751e8b465ee728b)  -> (artifact id: '654c2c5ba619f0ca832aa83195f0b24a') in 0.009375 seconds
  Import took 0.040688 seconds .

========================================================================
Received Import Request.
  Time since last request: 0.000900 seconds.
  path: Assets/Resources/Monkey Toy.prefab
  artifactKey: Guid(d6bbbe8f75a21f543a658513aaf38961) Importer(815301076,1909f56bfc062723c751e8b465ee728b)
Start importing Assets/Resources/Monkey Toy.prefab using Guid(d6bbbe8f75a21f543a658513aaf38961) Importer(815301076,1909f56bfc062723c751e8b465ee728b)  -> (artifact id: '654c2c5ba619f0ca832aa83195f0b24a') in 0.005057 seconds
  Import took 0.007030 seconds .

========================================================================
Received Import Request.
  Time since last request: 20.586710 seconds.
  path: Assets/Resources/TeddyPrefab.prefab
  artifactKey: Guid(d6bbbe8f75a21f543a658513aaf38961) Importer(815301076,1909f56bfc062723c751e8b465ee728b)
Start importing Assets/Resources/TeddyPrefab.prefab using Guid(d6bbbe8f75a21f543a658513aaf38961) Importer(815301076,1909f56bfc062723c751e8b465ee728b)  -> (artifact id: 'b60bea432ab5887cc40ee6accb5c513d') in 0.010049 seconds
  Import took 0.012248 seconds .

========================================================================
Received Import Request.
  Time since last request: 9.480088 seconds.
  path: Assets/Resources/models
  artifactKey: Guid(ce4839a9a280b8e4abce2fb7690f1185) Importer(815301076,1909f56bfc062723c751e8b465ee728b)
Start importing Assets/Resources/models using Guid(ce4839a9a280b8e4abce2fb7690f1185) Importer(815301076,1909f56bfc062723c751e8b465ee728b)  -> (artifact id: '4efbd571209137483e4928d68aaa1e90') in 0.004278 seconds
  Import took 0.014624 seconds .

========================================================================
Received Import Request.
  Time since last request: 0.001005 seconds.
  path: Assets/Resources/models
  artifactKey: Guid(ce4839a9a280b8e4abce2fb7690f1185) Importer(815301076,1909f56bfc062723c751e8b465ee728b)
Start importing Assets/Resources/models using Guid(ce4839a9a280b8e4abce2fb7690f1185) Importer(815301076,1909f56bfc062723c751e8b465ee728b)  -> (artifact id: '4efbd571209137483e4928d68aaa1e90') in 0.001665 seconds
  Import took 0.003741 seconds .

========================================================================
Received Import Request.
  Time since last request: 136.214316 seconds.
  path: Assets/Scripts/Game/GameManger.cs
  artifactKey: Guid(fe631f2583ef1d54ab4e485f2dd0adc0) Importer(815301076,1909f56bfc062723c751e8b465ee728b)
Start importing Assets/Scripts/Game/GameManger.cs using Guid(fe631f2583ef1d54ab4e485f2dd0adc0) Importer(815301076,1909f56bfc062723c751e8b465ee728b)  -> (artifact id: '874b302b0d8380bfa9d2f62bb22b3de4') in 0.004341 seconds
  Import took 0.027351 seconds .

========================================================================
Received Prepare
Registering precompiled user dll's ...
Registered in 0.000431 seconds.
Begin MonoManager ReloadAssembly
Native extension for WindowsStandalone target not found
Refreshing native plugins compatible for Editor in 0.24 ms, found 0 plugins.
Preloading 0 native plugins for Editor in 0.00 ms.
Warning: Annotation not found!
UnityEngine.StackTraceUtility:ExtractStackTrace ()
UnityEditor.ProBuilder.EditorUtility:SetGizmoIconEnabled (System.Type,bool) (at Library/PackageCache/com.unity.probuilder@4.4.0/Editor/EditorCore/EditorUtility.cs:593)
UnityEditor.ProBuilder.HierarchyListener:.cctor () (at Library/PackageCache/com.unity.probuilder@4.4.0/Editor/EditorCore/HierarchyListener.cs:21)
System.Runtime.CompilerServices.RuntimeHelpers:RunClassConstructor (System.RuntimeTypeHandle)
UnityEditor.EditorAssemblies:ProcessInitializeOnLoadAttributes (System.Type[])

[Library/PackageCache/com.unity.probuilder@4.4.0/Editor/EditorCore/EditorUtility.cs line 593]

Invoked RoslynAnalysisRunner static constructor.
RoslynAnalysisRunner will not be running.
RoslynAnalysisRunner has terminated.
Mono: successfully reloaded assembly
- Completed reload, in  0.612 seconds
Platform modules already initialized, skipping
Refreshing native plugins compatible for Editor in 0.24 ms, found 0 plugins.
Preloading 0 native plugins for Editor in 0.00 ms.
Unloading 1482 Unused Serialized files (Serialized files now loaded: 0)
System memory in use before: 77.3 MB.
System memory in use after: 76.7 MB.

Unloading 19 unused Assets to reduce memory usage. Loaded Objects now: 2024.
Total: 2.119000 ms (FindLiveObjects: 0.181400 ms CreateObjectMapping: 0.045800 ms MarkObjects: 1.586500 ms  DeleteObjects: 0.303300 ms)

========================================================================
Received Prepare
Registering precompiled user dll's ...
Registered in 0.000489 seconds.
Begin MonoManager ReloadAssembly
Native extension for WindowsStandalone target not found
Refreshing native plugins compatible for Editor in 0.24 ms, found 0 plugins.
Preloading 0 native plugins for Editor in 0.00 ms.
Warning: Annotation not found!
UnityEngine.StackTraceUtility:ExtractStackTrace ()
UnityEditor.ProBuilder.EditorUtility:SetGizmoIconEnabled (System.Type,bool) (at Library/PackageCache/com.unity.probuilder@4.4.0/Editor/EditorCore/EditorUtility.cs:593)
UnityEditor.ProBuilder.HierarchyListener:.cctor () (at Library/PackageCache/com.unity.probuilder@4.4.0/Editor/EditorCore/HierarchyListener.cs:21)
System.Runtime.CompilerServices.RuntimeHelpers:RunClassConstructor (System.RuntimeTypeHandle)
UnityEditor.EditorAssemblies:ProcessInitializeOnLoadAttributes (System.Type[])

[Library/PackageCache/com.unity.probuilder@4.4.0/Editor/EditorCore/EditorUtility.cs line 593]

Invoked RoslynAnalysisRunner static constructor.
RoslynAnalysisRunner will not be running.
RoslynAnalysisRunner has terminated.
Mono: successfully reloaded assembly
- Completed reload, in  0.682 seconds
Platform modules already initialized, skipping
Refreshing native plugins compatible for Editor in 0.27 ms, found 0 plugins.
Preloading 0 native plugins for Editor in 0.00 ms.
Unloading 1482 Unused Serialized files (Serialized files now loaded: 0)
System memory in use before: 77.6 MB.
System memory in use after: 77.1 MB.

Unloading 19 unused Assets to reduce memory usage. Loaded Objects now: 2026.
Total: 2.445300 ms (FindLiveObjects: 0.164100 ms CreateObjectMapping: 0.052000 ms MarkObjects: 1.797800 ms  DeleteObjects: 0.429300 ms)

========================================================================
Received Prepare
Registering precompiled user dll's ...
Registered in 0.000397 seconds.
Begin MonoManager ReloadAssembly
Native extension for WindowsStandalone target not found
Refreshing native plugins compatible for Editor in 0.26 ms, found 0 plugins.
Preloading 0 native plugins for Editor in 0.00 ms.
Warning: Annotation not found!
UnityEngine.StackTraceUtility:ExtractStackTrace ()
UnityEditor.ProBuilder.EditorUtility:SetGizmoIconEnabled (System.Type,bool) (at Library/PackageCache/com.unity.probuilder@4.4.0/Editor/EditorCore/EditorUtility.cs:593)
UnityEditor.ProBuilder.HierarchyListener:.cctor () (at Library/PackageCache/com.unity.probuilder@4.4.0/Editor/EditorCore/HierarchyListener.cs:21)
System.Runtime.CompilerServices.RuntimeHelpers:RunClassConstructor (System.RuntimeTypeHandle)
UnityEditor.EditorAssemblies:ProcessInitializeOnLoadAttributes (System.Type[])

[Library/PackageCache/com.unity.probuilder@4.4.0/Editor/EditorCore/EditorUtility.cs line 593]

Invoked RoslynAnalysisRunner static constructor.
RoslynAnalysisRunner will not be running.
RoslynAnalysisRunner has terminated.
Mono: successfully reloaded assembly
- Completed reload, in  0.645 seconds
Platform modules already initialized, skipping
Refreshing native plugins compatible for Editor in 0.30 ms, found 0 plugins.
Preloading 0 native plugins for Editor in 0.00 ms.
Unloading 1482 Unused Serialized files (Serialized files now loaded: 0)
System memory in use before: 77.7 MB.
System memory in use after: 77.2 MB.

Unloading 19 unused Assets to reduce memory usage. Loaded Objects now: 2028.
Total: 2.151500 ms (FindLiveObjects: 0.153200 ms CreateObjectMapping: 0.045400 ms MarkObjects: 1.524800 ms  DeleteObjects: 0.427100 ms)

========================================================================
Received Prepare
Registering precompiled user dll's ...
Registered in 0.000491 seconds.
Begin MonoManager ReloadAssembly
Native extension for WindowsStandalone target not found
Refreshing native plugins compatible for Editor in 0.35 ms, found 0 plugins.
Preloading 0 native plugins for Editor in 0.00 ms.
Warning: Annotation not found!
UnityEngine.StackTraceUtility:ExtractStackTrace ()
UnityEditor.ProBuilder.EditorUtility:SetGizmoIconEnabled (System.Type,bool) (at Library/PackageCache/com.unity.probuilder@4.4.0/Editor/EditorCore/EditorUtility.cs:593)
UnityEditor.ProBuilder.HierarchyListener:.cctor () (at Library/PackageCache/com.unity.probuilder@4.4.0/Editor/EditorCore/HierarchyListener.cs:21)
System.Runtime.CompilerServices.RuntimeHelpers:RunClassConstructor (System.RuntimeTypeHandle)
UnityEditor.EditorAssemblies:ProcessInitializeOnLoadAttributes (System.Type[])

[Library/PackageCache/com.unity.probuilder@4.4.0/Editor/EditorCore/EditorUtility.cs line 593]

Invoked RoslynAnalysisRunner static constructor.
RoslynAnalysisRunner will not be running.
RoslynAnalysisRunner has terminated.
Mono: successfully reloaded assembly
- Completed reload, in  0.669 seconds
Platform modules already initialized, skipping
Refreshing native plugins compatible for Editor in 0.24 ms, found 0 plugins.
Preloading 0 native plugins for Editor in 0.00 ms.
Unloading 1482 Unused Serialized files (Serialized files now loaded: 0)
System memory in use before: 77.3 MB.
System memory in use after: 76.7 MB.

Unloading 19 unused Assets to reduce memory usage. Loaded Objects now: 2030.
Total: 2.077900 ms (FindLiveObjects: 0.183300 ms CreateObjectMapping: 0.049500 ms MarkObjects: 1.509400 ms  DeleteObjects: 0.334500 ms)

========================================================================
Received Prepare
Registering precompiled user dll's ...
Registered in 0.000520 seconds.
Begin MonoManager ReloadAssembly
Native extension for WindowsStandalone target not found
Refreshing native plugins compatible for Editor in 0.24 ms, found 0 plugins.
Preloading 0 native plugins for Editor in 0.00 ms.
Warning: Annotation not found!
UnityEngine.StackTraceUtility:ExtractStackTrace ()
UnityEditor.ProBuilder.EditorUtility:SetGizmoIconEnabled (System.Type,bool) (at Library/PackageCache/com.unity.probuilder@4.4.0/Editor/EditorCore/EditorUtility.cs:593)
UnityEditor.ProBuilder.HierarchyListener:.cctor () (at Library/PackageCache/com.unity.probuilder@4.4.0/Editor/EditorCore/HierarchyListener.cs:21)
System.Runtime.CompilerServices.RuntimeHelpers:RunClassConstructor (System.RuntimeTypeHandle)
UnityEditor.EditorAssemblies:ProcessInitializeOnLoadAttributes (System.Type[])

[Library/PackageCache/com.unity.probuilder@4.4.0/Editor/EditorCore/EditorUtility.cs line 593]

Invoked RoslynAnalysisRunner static constructor.
RoslynAnalysisRunner will not be running.
RoslynAnalysisRunner has terminated.
Mono: successfully reloaded assembly
- Completed reload, in  0.634 seconds
Platform modules already initialized, skipping
Refreshing native plugins compatible for Editor in 0.26 ms, found 0 plugins.
Preloading 0 native plugins for Editor in 0.00 ms.
Unloading 1482 Unused Serialized files (Serialized files now loaded: 0)
System memory in use before: 77.6 MB.
System memory in use after: 77.1 MB.

Unloading 19 unused Assets to reduce memory usage. Loaded Objects now: 2032.
Total: 2.323200 ms (FindLiveObjects: 0.192700 ms CreateObjectMapping: 0.059200 ms MarkObjects: 1.738500 ms  DeleteObjects: 0.331700 ms)

========================================================================
Received Prepare
Registering precompiled user dll's ...
Registered in 0.000448 seconds.
Begin MonoManager ReloadAssembly
Native extension for WindowsStandalone target not found
Refreshing native plugins compatible for Editor in 0.23 ms, found 0 plugins.
Preloading 0 native plugins for Editor in 0.00 ms.
Warning: Annotation not found!
UnityEngine.StackTraceUtility:ExtractStackTrace ()
UnityEditor.ProBuilder.EditorUtility:SetGizmoIconEnabled (System.Type,bool) (at Library/PackageCache/com.unity.probuilder@4.4.0/Editor/EditorCore/EditorUtility.cs:593)
UnityEditor.ProBuilder.HierarchyListener:.cctor () (at Library/PackageCache/com.unity.probuilder@4.4.0/Editor/EditorCore/HierarchyListener.cs:21)
System.Runtime.CompilerServices.RuntimeHelpers:RunClassConstructor (System.RuntimeTypeHandle)
UnityEditor.EditorAssemblies:ProcessInitializeOnLoadAttributes (System.Type[])

[Library/PackageCache/com.unity.probuilder@4.4.0/Editor/EditorCore/EditorUtility.cs line 593]

Invoked RoslynAnalysisRunner static constructor.
RoslynAnalysisRunner will not be running.
RoslynAnalysisRunner has terminated.
Mono: successfully reloaded assembly
- Completed reload, in  0.618 seconds
Platform modules already initialized, skipping
Refreshing native plugins compatible for Editor in 0.26 ms, found 0 plugins.
Preloading 0 native plugins for Editor in 0.00 ms.
Unloading 1482 Unused Serialized files (Serialized files now loaded: 0)
System memory in use before: 77.7 MB.
System memory in use after: 77.2 MB.

Unloading 19 unused Assets to reduce memory usage. Loaded Objects now: 2034.
Total: 2.192600 ms (FindLiveObjects: 0.211400 ms CreateObjectMapping: 0.077700 ms MarkObjects: 1.560400 ms  DeleteObjects: 0.341100 ms)

========================================================================
Received Prepare
Registering precompiled user dll's ...
Registered in 0.000418 seconds.
Begin MonoManager ReloadAssembly
Native extension for WindowsStandalone target not found
Refreshing native plugins compatible for Editor in 0.23 ms, found 0 plugins.
Preloading 0 native plugins for Editor in 0.00 ms.
Warning: Annotation not found!
UnityEngine.StackTraceUtility:ExtractStackTrace ()
UnityEditor.ProBuilder.EditorUtility:SetGizmoIconEnabled (System.Type,bool) (at Library/PackageCache/com.unity.probuilder@4.4.0/Editor/EditorCore/EditorUtility.cs:593)
UnityEditor.ProBuilder.HierarchyListener:.cctor () (at Library/PackageCache/com.unity.probuilder@4.4.0/Editor/EditorCore/HierarchyListener.cs:21)
System.Runtime.CompilerServices.RuntimeHelpers:RunClassConstructor (System.RuntimeTypeHandle)
UnityEditor.EditorAssemblies:ProcessInitializeOnLoadAttributes (System.Type[])

[Library/PackageCache/com.unity.probuilder@4.4.0/Editor/EditorCore/EditorUtility.cs line 593]

Invoked RoslynAnalysisRunner static constructor.
RoslynAnalysisRunner will not be running.
RoslynAnalysisRunner has terminated.
Mono: successfully reloaded assembly
- Completed reload, in  0.631 seconds
Platform modules already initialized, skipping
Refreshing native plugins compatible for Editor in 0.25 ms, found 0 plugins.
Preloading 0 native plugins for Editor in 0.00 ms.
Unloading 1482 Unused Serialized files (Serialized files now loaded: 0)
System memory in use before: 77.3 MB.
System memory in use after: 76.7 MB.

Unloading 19 unused Assets to reduce memory usage. Loaded Objects now: 2036.
Total: 2.093600 ms (FindLiveObjects: 0.216000 ms CreateObjectMapping: 0.040300 ms MarkObjects: 1.534400 ms  DeleteObjects: 0.302100 ms)

========================================================================
Received Prepare
Registering precompiled user dll's ...
Registered in 0.000393 seconds.
Begin MonoManager ReloadAssembly
Native extension for WindowsStandalone target not found
Refreshing native plugins compatible for Editor in 0.23 ms, found 0 plugins.
Preloading 0 native plugins for Editor in 0.00 ms.
Warning: Annotation not found!
UnityEngine.StackTraceUtility:ExtractStackTrace ()
UnityEditor.ProBuilder.EditorUtility:SetGizmoIconEnabled (System.Type,bool) (at Library/PackageCache/com.unity.probuilder@4.4.0/Editor/EditorCore/EditorUtility.cs:593)
UnityEditor.ProBuilder.HierarchyListener:.cctor () (at Library/PackageCache/com.unity.probuilder@4.4.0/Editor/EditorCore/HierarchyListener.cs:21)
System.Runtime.CompilerServices.RuntimeHelpers:RunClassConstructor (System.RuntimeTypeHandle)
UnityEditor.EditorAssemblies:ProcessInitializeOnLoadAttributes (System.Type[])

[Library/PackageCache/com.unity.probuilder@4.4.0/Editor/EditorCore/EditorUtility.cs line 593]

Invoked RoslynAnalysisRunner static constructor.
RoslynAnalysisRunner will not be running.
RoslynAnalysisRunner has terminated.
Mono: successfully reloaded assembly
- Completed reload, in  0.615 seconds
Platform modules already initialized, skipping
Refreshing native plugins compatible for Editor in 0.26 ms, found 0 plugins.
Preloading 0 native plugins for Editor in 0.00 ms.
Unloading 1482 Unused Serialized files (Serialized files now loaded: 0)
System memory in use before: 77.6 MB.
System memory in use after: 77.1 MB.

Unloading 19 unused Assets to reduce memory usage. Loaded Objects now: 2038.
Total: 2.251700 ms (FindLiveObjects: 0.158800 ms CreateObjectMapping: 0.045900 ms MarkObjects: 1.724000 ms  DeleteObjects: 0.321700 ms)

========================================================================
Received Prepare
Registering precompiled user dll's ...
Registered in 0.000612 seconds.
Begin MonoManager ReloadAssembly
Native extension for WindowsStandalone target not found
Refreshing native plugins compatible for Editor in 0.23 ms, found 0 plugins.
Preloading 0 native plugins for Editor in 0.00 ms.
Warning: Annotation not found!
UnityEngine.StackTraceUtility:ExtractStackTrace ()
UnityEditor.ProBuilder.EditorUtility:SetGizmoIconEnabled (System.Type,bool) (at Library/PackageCache/com.unity.probuilder@4.4.0/Editor/EditorCore/EditorUtility.cs:593)
UnityEditor.ProBuilder.HierarchyListener:.cctor () (at Library/PackageCache/com.unity.probuilder@4.4.0/Editor/EditorCore/HierarchyListener.cs:21)
System.Runtime.CompilerServices.RuntimeHelpers:RunClassConstructor (System.RuntimeTypeHandle)
UnityEditor.EditorAssemblies:ProcessInitializeOnLoadAttributes (System.Type[])

[Library/PackageCache/com.unity.probuilder@4.4.0/Editor/EditorCore/EditorUtility.cs line 593]

Invoked RoslynAnalysisRunner static constructor.
RoslynAnalysisRunner will not be running.
RoslynAnalysisRunner has terminated.
Mono: successfully reloaded assembly
- Completed reload, in  0.638 seconds
Platform modules already initialized, skipping
Refreshing native plugins compatible for Editor in 0.24 ms, found 0 plugins.
Preloading 0 native plugins for Editor in 0.00 ms.
Unloading 1482 Unused Serialized files (Serialized files now loaded: 0)
System memory in use before: 77.7 MB.
System memory in use after: 77.2 MB.

Unloading 19 unused Assets to reduce memory usage. Loaded Objects now: 2040.
Total: 2.074900 ms (FindLiveObjects: 0.149300 ms CreateObjectMapping: 0.043600 ms MarkObjects: 1.565700 ms  DeleteObjects: 0.315300 ms)

========================================================================
Received Import Request.
  Time since last request: 542.607338 seconds.
  path: Assets/Resources/KeyPrefab.prefab
  artifactKey: Guid(115c862469d8d194daef548b53fb1f79) Importer(815301076,1909f56bfc062723c751e8b465ee728b)
Start importing Assets/Resources/KeyPrefab.prefab using Guid(115c862469d8d194daef548b53fb1f79) Importer(815301076,1909f56bfc062723c751e8b465ee728b)  -> (artifact id: '7c3bf184d677493fd1612e177ca61fbd') in 0.043811 seconds
  Import took 0.045973 seconds .

========================================================================
Received Import Request.
  Time since last request: 7.064770 seconds.
  path: Assets/Resources/KeyPrefab.prefab
  artifactKey: Guid(115c862469d8d194daef548b53fb1f79) Importer(815301076,1909f56bfc062723c751e8b465ee728b)
Start importing Assets/Resources/KeyPrefab.prefab using Guid(115c862469d8d194daef548b53fb1f79) Importer(815301076,1909f56bfc062723c751e8b465ee728b)  -> (artifact id: '754423c6068c4e27567d681fd6d57021') in 0.006227 seconds
  Import took 0.008751 seconds .

========================================================================
Received Import Request.
  Time since last request: 3.205610 seconds.
  path: Assets/Resources/KeyPrefab.prefab
  artifactKey: Guid(115c862469d8d194daef548b53fb1f79) Importer(815301076,1909f56bfc062723c751e8b465ee728b)
Start importing Assets/Resources/KeyPrefab.prefab using Guid(115c862469d8d194daef548b53fb1f79) Importer(815301076,1909f56bfc062723c751e8b465ee728b)  -> (artifact id: '1ea4b199388e205dda10686daf78deb2') in 0.006218 seconds
  Import took 0.024341 seconds .

========================================================================
Received Import Request.
  Time since last request: 2.008409 seconds.
  path: Assets/Resources/KeyPrefab.prefab
  artifactKey: Guid(115c862469d8d194daef548b53fb1f79) Importer(815301076,1909f56bfc062723c751e8b465ee728b)
Start importing Assets/Resources/KeyPrefab.prefab using Guid(115c862469d8d194daef548b53fb1f79) Importer(815301076,1909f56bfc062723c751e8b465ee728b)  -> (artifact id: '966df0a3ddd64e0d2b7ecac7e7ed714c') in 0.005956 seconds
  Import took 0.008161 seconds .

========================================================================
Received Import Request.
  Time since last request: 2.414011 seconds.
  path: Assets/Resources/KeyPrefab.prefab
  artifactKey: Guid(115c862469d8d194daef548b53fb1f79) Importer(815301076,1909f56bfc062723c751e8b465ee728b)
Start importing Assets/Resources/KeyPrefab.prefab using Guid(115c862469d8d194daef548b53fb1f79) Importer(815301076,1909f56bfc062723c751e8b465ee728b)  -> (artifact id: '7ea0e44b9dad54cc44588955894063a0') in 0.005532 seconds
  Import took 0.007734 seconds .

========================================================================
Received Import Request.
  Time since last request: 2.409428 seconds.
  path: Assets/Resources/KeyPrefab.prefab
  artifactKey: Guid(115c862469d8d194daef548b53fb1f79) Importer(815301076,1909f56bfc062723c751e8b465ee728b)
Start importing Assets/Resources/KeyPrefab.prefab using Guid(115c862469d8d194daef548b53fb1f79) Importer(815301076,1909f56bfc062723c751e8b465ee728b)  -> (artifact id: '2d243275caf24da374a6121f86c6a83e') in 0.006225 seconds
  Import took 0.008410 seconds .

========================================================================
Received Import Request.
  Time since last request: 2.016616 seconds.
  path: Assets/Resources/KeyPrefab.prefab
  artifactKey: Guid(115c862469d8d194daef548b53fb1f79) Importer(815301076,1909f56bfc062723c751e8b465ee728b)
Start importing Assets/Resources/KeyPrefab.prefab using Guid(115c862469d8d194daef548b53fb1f79) Importer(815301076,1909f56bfc062723c751e8b465ee728b)  -> (artifact id: '3103f02b1ecd7c0f07534459d8ec7e24') in 0.005463 seconds
  Import took 0.007608 seconds .

========================================================================
Received Prepare
Registering precompiled user dll's ...
Registered in 0.000483 seconds.
Begin MonoManager ReloadAssembly
Native extension for WindowsStandalone target not found
Refreshing native plugins compatible for Editor in 0.23 ms, found 0 plugins.
Preloading 0 native plugins for Editor in 0.00 ms.
Warning: Annotation not found!
UnityEngine.StackTraceUtility:ExtractStackTrace ()
UnityEditor.ProBuilder.EditorUtility:SetGizmoIconEnabled (System.Type,bool) (at Library/PackageCache/com.unity.probuilder@4.4.0/Editor/EditorCore/EditorUtility.cs:593)
UnityEditor.ProBuilder.HierarchyListener:.cctor () (at Library/PackageCache/com.unity.probuilder@4.4.0/Editor/EditorCore/HierarchyListener.cs:21)
System.Runtime.CompilerServices.RuntimeHelpers:RunClassConstructor (System.RuntimeTypeHandle)
UnityEditor.EditorAssemblies:ProcessInitializeOnLoadAttributes (System.Type[])

[Library/PackageCache/com.unity.probuilder@4.4.0/Editor/EditorCore/EditorUtility.cs line 593]

Invoked RoslynAnalysisRunner static constructor.
RoslynAnalysisRunner will not be running.
RoslynAnalysisRunner has terminated.
Mono: successfully reloaded assembly
- Completed reload, in  0.623 seconds
Platform modules already initialized, skipping
Refreshing native plugins compatible for Editor in 0.24 ms, found 0 plugins.
Preloading 0 native plugins for Editor in 0.00 ms.
Unloading 1482 Unused Serialized files (Serialized files now loaded: 0)
System memory in use before: 77.3 MB.
System memory in use after: 76.8 MB.

Unloading 19 unused Assets to reduce memory usage. Loaded Objects now: 2043.
Total: 2.095200 ms (FindLiveObjects: 0.159900 ms CreateObjectMapping: 0.048200 ms MarkObjects: 1.574100 ms  DeleteObjects: 0.311900 ms)

========================================================================
Received Import Request.
  Time since last request: 39.068268 seconds.
  path: Assets/Resources/KeyPrefab.prefab
  artifactKey: Guid(115c862469d8d194daef548b53fb1f79) Importer(815301076,1909f56bfc062723c751e8b465ee728b)
Start importing Assets/Resources/KeyPrefab.prefab using Guid(115c862469d8d194daef548b53fb1f79) Importer(815301076,1909f56bfc062723c751e8b465ee728b)  -> (artifact id: 'dbb21b7f6b12c960ad7a2e08acc5044f') in 0.049621 seconds
  Import took 0.051909 seconds .

========================================================================
Received Import Request.
  Time since last request: 0.763697 seconds.
  path: Assets/Resources/KeyPrefab.prefab
  artifactKey: Guid(115c862469d8d194daef548b53fb1f79) Importer(815301076,1909f56bfc062723c751e8b465ee728b)
Start importing Assets/Resources/KeyPrefab.prefab using Guid(115c862469d8d194daef548b53fb1f79) Importer(815301076,1909f56bfc062723c751e8b465ee728b)  -> (artifact id: 'fa2160b683964a32960b9ec874762ff0') in 0.005315 seconds
  Import took 0.007517 seconds .

========================================================================
Received Import Request.
  Time since last request: 2.028365 seconds.
  path: Assets/Resources/KeyPrefab.prefab
  artifactKey: Guid(115c862469d8d194daef548b53fb1f79) Importer(815301076,1909f56bfc062723c751e8b465ee728b)
Start importing Assets/Resources/KeyPrefab.prefab using Guid(115c862469d8d194daef548b53fb1f79) Importer(815301076,1909f56bfc062723c751e8b465ee728b)  -> (artifact id: '89251ee5834fa79f4814ef84a23d8329') in 0.006056 seconds
  Import took 0.008513 seconds .

========================================================================
Received Import Request.
  Time since last request: 2.179940 seconds.
  path: Assets/Resources/KeyPrefab.prefab
  artifactKey: Guid(115c862469d8d194daef548b53fb1f79) Importer(815301076,1909f56bfc062723c751e8b465ee728b)
Start importing Assets/Resources/KeyPrefab.prefab using Guid(115c862469d8d194daef548b53fb1f79) Importer(815301076,1909f56bfc062723c751e8b465ee728b)  -> (artifact id: '93dc6c558c32d033a5556bbf7b636411') in 0.005973 seconds
  Import took 0.008132 seconds .

========================================================================
Received Import Request.
  Time since last request: 1.799372 seconds.
  path: Assets/Resources/KeyPrefab.prefab
  artifactKey: Guid(115c862469d8d194daef548b53fb1f79) Importer(815301076,1909f56bfc062723c751e8b465ee728b)
Start importing Assets/Resources/KeyPrefab.prefab using Guid(115c862469d8d194daef548b53fb1f79) Importer(815301076,1909f56bfc062723c751e8b465ee728b)  -> (artifact id: '43bc267011729c5dfacf8ff0b507b554') in 0.005605 seconds
  Import took 0.008136 seconds .

========================================================================
Received Prepare
Registering precompiled user dll's ...
Registered in 0.000421 seconds.
Begin MonoManager ReloadAssembly
Native extension for WindowsStandalone target not found
Refreshing native plugins compatible for Editor in 0.30 ms, found 0 plugins.
Preloading 0 native plugins for Editor in 0.00 ms.
Warning: Annotation not found!
UnityEngine.StackTraceUtility:ExtractStackTrace ()
UnityEditor.ProBuilder.EditorUtility:SetGizmoIconEnabled (System.Type,bool) (at Library/PackageCache/com.unity.probuilder@4.4.0/Editor/EditorCore/EditorUtility.cs:593)
UnityEditor.ProBuilder.HierarchyListener:.cctor () (at Library/PackageCache/com.unity.probuilder@4.4.0/Editor/EditorCore/HierarchyListener.cs:21)
System.Runtime.CompilerServices.RuntimeHelpers:RunClassConstructor (System.RuntimeTypeHandle)
UnityEditor.EditorAssemblies:ProcessInitializeOnLoadAttributes (System.Type[])

[Library/PackageCache/com.unity.probuilder@4.4.0/Editor/EditorCore/EditorUtility.cs line 593]

Invoked RoslynAnalysisRunner static constructor.
RoslynAnalysisRunner will not be running.
RoslynAnalysisRunner has terminated.
Mono: successfully reloaded assembly
- Completed reload, in  0.700 seconds
Platform modules already initialized, skipping
Refreshing native plugins compatible for Editor in 0.26 ms, found 0 plugins.
Preloading 0 native plugins for Editor in 0.00 ms.
Unloading 1482 Unused Serialized files (Serialized files now loaded: 0)
System memory in use before: 77.6 MB.
System memory in use after: 77.1 MB.

Unloading 19 unused Assets to reduce memory usage. Loaded Objects now: 2046.
Total: 2.015800 ms (FindLiveObjects: 0.167700 ms CreateObjectMapping: 0.038400 ms MarkObjects: 1.493400 ms  DeleteObjects: 0.315300 ms)

========================================================================
Received Prepare
Registering precompiled user dll's ...
Registered in 0.000382 seconds.
Begin MonoManager ReloadAssembly
Native extension for WindowsStandalone target not found
Refreshing native plugins compatible for Editor in 0.25 ms, found 0 plugins.
Preloading 0 native plugins for Editor in 0.00 ms.
Invalid AssetDatabase path: /Editor/EditorResources/cm_logo_sm.png. Use path relative to the project folder.
UnityEngine.StackTraceUtility:ExtractStackTrace ()
UnityEditor.AssetDatabase:LoadAssetAtPath<UnityEngine.Texture2D> (string)
Cinemachine.Editor.CinemachineSettings:get_CinemachineLogoTexture () (at Library/PackageCache/com.unity.cinemachine@2.6.9/Editor/Windows/CinemachineSettings.cs:205)
Cinemachine.Editor.CinemachineSettings:.cctor () (at Library/PackageCache/com.unity.cinemachine@2.6.9/Editor/Windows/CinemachineSettings.cs:237)
Cinemachine.CinemachineColliderPrefs:.cctor () (at Library/PackageCache/com.unity.cinemachine@2.6.9/Editor/Windows/CinemachineColliderPrefs.cs:61)
System.Runtime.CompilerServices.RuntimeHelpers:RunClassConstructor (System.RuntimeTypeHandle)
UnityEditor.EditorAssemblies:ProcessInitializeOnLoadAttributes (System.Type[])

[Library/PackageCache/com.unity.cinemachine@2.6.9/Editor/Windows/CinemachineSettings.cs line 205]

Warning: Annotation not found!
UnityEngine.StackTraceUtility:ExtractStackTrace ()
UnityEditor.ProBuilder.EditorUtility:SetGizmoIconEnabled (System.Type,bool) (at Library/PackageCache/com.unity.probuilder@4.4.0/Editor/EditorCore/EditorUtility.cs:593)
UnityEditor.ProBuilder.HierarchyListener:.cctor () (at Library/PackageCache/com.unity.probuilder@4.4.0/Editor/EditorCore/HierarchyListener.cs:21)
System.Runtime.CompilerServices.RuntimeHelpers:RunClassConstructor (System.RuntimeTypeHandle)
UnityEditor.EditorAssemblies:ProcessInitializeOnLoadAttributes (System.Type[])

[Library/PackageCache/com.unity.probuilder@4.4.0/Editor/EditorCore/EditorUtility.cs line 593]

Invoked RoslynAnalysisRunner static constructor.
RoslynAnalysisRunner will not be running.
RoslynAnalysisRunner has terminated.
Mono: successfully reloaded assembly
- Completed reload, in  0.620 seconds
Platform modules already initialized, skipping
Refreshing native plugins compatible for Editor in 0.26 ms, found 0 plugins.
Preloading 0 native plugins for Editor in 0.00 ms.
Unloading 1629 Unused Serialized files (Serialized files now loaded: 0)
System memory in use before: 83.4 MB.
System memory in use after: 82.9 MB.

Unloading 20 unused Assets to reduce memory usage. Loaded Objects now: 2194.
Total: 2.489600 ms (FindLiveObjects: 0.186600 ms CreateObjectMapping: 0.062300 ms MarkObjects: 1.925000 ms  DeleteObjects: 0.314600 ms)

========================================================================
Received Prepare
Registering precompiled user dll's ...
Registered in 0.000456 seconds.
Begin MonoManager ReloadAssembly
Native extension for WindowsStandalone target not found
Refreshing native plugins compatible for Editor in 0.26 ms, found 0 plugins.
Preloading 0 native plugins for Editor in 0.00 ms.
Warning: Annotation not found!
UnityEngine.StackTraceUtility:ExtractStackTrace ()
UnityEditor.ProBuilder.EditorUtility:SetGizmoIconEnabled (System.Type,bool) (at Library/PackageCache/com.unity.probuilder@4.4.0/Editor/EditorCore/EditorUtility.cs:593)
UnityEditor.ProBuilder.HierarchyListener:.cctor () (at Library/PackageCache/com.unity.probuilder@4.4.0/Editor/EditorCore/HierarchyListener.cs:21)
System.Runtime.CompilerServices.RuntimeHelpers:RunClassConstructor (System.RuntimeTypeHandle)
UnityEditor.EditorAssemblies:ProcessInitializeOnLoadAttributes (System.Type[])

[Library/PackageCache/com.unity.probuilder@4.4.0/Editor/EditorCore/EditorUtility.cs line 593]

Invoked RoslynAnalysisRunner static constructor.
RoslynAnalysisRunner will not be running.
RoslynAnalysisRunner has terminated.
Mono: successfully reloaded assembly
- Completed reload, in  0.661 seconds
Platform modules already initialized, skipping
Refreshing native plugins compatible for Editor in 0.28 ms, found 0 plugins.
Preloading 0 native plugins for Editor in 0.00 ms.
Unloading 1630 Unused Serialized files (Serialized files now loaded: 0)
System memory in use before: 83.1 MB.
System memory in use after: 82.5 MB.

Unloading 21 unused Assets to reduce memory usage. Loaded Objects now: 2197.
Total: 2.301200 ms (FindLiveObjects: 0.196700 ms CreateObjectMapping: 0.056500 ms MarkObjects: 1.726100 ms  DeleteObjects: 0.320900 ms)

========================================================================
Received Prepare
Registering precompiled user dll's ...
Registered in 0.000470 seconds.
Begin MonoManager ReloadAssembly
Native extension for WindowsStandalone target not found
Refreshing native plugins compatible for Editor in 0.25 ms, found 0 plugins.
Preloading 0 native plugins for Editor in 0.00 ms.
Warning: Annotation not found!
UnityEngine.StackTraceUtility:ExtractStackTrace ()
UnityEditor.ProBuilder.EditorUtility:SetGizmoIconEnabled (System.Type,bool) (at Library/PackageCache/com.unity.probuilder@4.4.0/Editor/EditorCore/EditorUtility.cs:593)
UnityEditor.ProBuilder.HierarchyListener:.cctor () (at Library/PackageCache/com.unity.probuilder@4.4.0/Editor/EditorCore/HierarchyListener.cs:21)
System.Runtime.CompilerServices.RuntimeHelpers:RunClassConstructor (System.RuntimeTypeHandle)
UnityEditor.EditorAssemblies:ProcessInitializeOnLoadAttributes (System.Type[])

[Library/PackageCache/com.unity.probuilder@4.4.0/Editor/EditorCore/EditorUtility.cs line 593]

Invoked RoslynAnalysisRunner static constructor.
RoslynAnalysisRunner will not be running.
RoslynAnalysisRunner has terminated.
Mono: successfully reloaded assembly
- Completed reload, in  0.644 seconds
Platform modules already initialized, skipping
Refreshing native plugins compatible for Editor in 0.28 ms, found 0 plugins.
Preloading 0 native plugins for Editor in 0.00 ms.
Unloading 1629 Unused Serialized files (Serialized files now loaded: 0)
System memory in use before: 83.4 MB.
System memory in use after: 82.9 MB.

Unloading 21 unused Assets to reduce memory usage. Loaded Objects now: 2199.
Total: 2.524100 ms (FindLiveObjects: 0.203500 ms CreateObjectMapping: 0.063300 ms MarkObjects: 1.880900 ms  DeleteObjects: 0.375000 ms)

========================================================================
Received Prepare
Registering precompiled user dll's ...
Registered in 0.000445 seconds.
Begin MonoManager ReloadAssembly
Native extension for WindowsStandalone target not found
Refreshing native plugins compatible for Editor in 0.27 ms, found 0 plugins.
Preloading 0 native plugins for Editor in 0.00 ms.
Warning: Annotation not found!
UnityEngine.StackTraceUtility:ExtractStackTrace ()
UnityEditor.ProBuilder.EditorUtility:SetGizmoIconEnabled (System.Type,bool) (at Library/PackageCache/com.unity.probuilder@4.4.0/Editor/EditorCore/EditorUtility.cs:593)
UnityEditor.ProBuilder.HierarchyListener:.cctor () (at Library/PackageCache/com.unity.probuilder@4.4.0/Editor/EditorCore/HierarchyListener.cs:21)
System.Runtime.CompilerServices.RuntimeHelpers:RunClassConstructor (System.RuntimeTypeHandle)
UnityEditor.EditorAssemblies:ProcessInitializeOnLoadAttributes (System.Type[])

[Library/PackageCache/com.unity.probuilder@4.4.0/Editor/EditorCore/EditorUtility.cs line 593]

Invoked RoslynAnalysisRunner static constructor.
RoslynAnalysisRunner will not be running.
RoslynAnalysisRunner has terminated.
Mono: successfully reloaded assembly
- Completed reload, in  0.640 seconds
Platform modules already initialized, skipping
Refreshing native plugins compatible for Editor in 0.27 ms, found 0 plugins.
Preloading 0 native plugins for Editor in 0.00 ms.
Unloading 1629 Unused Serialized files (Serialized files now loaded: 0)
System memory in use before: 83.5 MB.
System memory in use after: 83.0 MB.

Unloading 21 unused Assets to reduce memory usage. Loaded Objects now: 2201.
Total: 2.221100 ms (FindLiveObjects: 0.185200 ms CreateObjectMapping: 0.062700 ms MarkObjects: 1.631000 ms  DeleteObjects: 0.341200 ms)

========================================================================
Received Prepare
Registering precompiled user dll's ...
Registered in 0.000555 seconds.
Begin MonoManager ReloadAssembly
Native extension for WindowsStandalone target not found
Refreshing native plugins compatible for Editor in 0.25 ms, found 0 plugins.
Preloading 0 native plugins for Editor in 0.00 ms.
Warning: Annotation not found!
UnityEngine.StackTraceUtility:ExtractStackTrace ()
UnityEditor.ProBuilder.EditorUtility:SetGizmoIconEnabled (System.Type,bool) (at Library/PackageCache/com.unity.probuilder@4.4.0/Editor/EditorCore/EditorUtility.cs:593)
UnityEditor.ProBuilder.HierarchyListener:.cctor () (at Library/PackageCache/com.unity.probuilder@4.4.0/Editor/EditorCore/HierarchyListener.cs:21)
System.Runtime.CompilerServices.RuntimeHelpers:RunClassConstructor (System.RuntimeTypeHandle)
UnityEditor.EditorAssemblies:ProcessInitializeOnLoadAttributes (System.Type[])

[Library/PackageCache/com.unity.probuilder@4.4.0/Editor/EditorCore/EditorUtility.cs line 593]

Invoked RoslynAnalysisRunner static constructor.
RoslynAnalysisRunner will not be running.
RoslynAnalysisRunner has terminated.
Mono: successfully reloaded assembly
- Completed reload, in  0.679 seconds
Platform modules already initialized, skipping
Refreshing native plugins compatible for Editor in 0.28 ms, found 0 plugins.
Preloading 0 native plugins for Editor in 0.00 ms.
Unloading 1629 Unused Serialized files (Serialized files now loaded: 0)
System memory in use before: 83.1 MB.
System memory in use after: 82.5 MB.

Unloading 21 unused Assets to reduce memory usage. Loaded Objects now: 2203.
Total: 2.238900 ms (FindLiveObjects: 0.170900 ms CreateObjectMapping: 0.058400 ms MarkObjects: 1.634400 ms  DeleteObjects: 0.374200 ms)

AssetImportWorkerClient::OnTransportError - code=2 error=End of file
